#
# A fatal error has been detected by the Java Runtime Environment:
#
#  SIGSEGV (0xb) at pc=0x0000000127ed65f1, pid=1048, tid=1811
#
# JRE version: Java(TM) SE Runtime Environment (8.0_40-b09) (build 1.8.0_40-ea-b09)
# Java VM: Java HotSpot(TM) 64-Bit Server VM (25.40-b13 mixed mode bsd-amd64 compressed oops)
# Problematic frame:
# C  [libglass.dylib+0x155f1]  GlassScreenDidChangeScreenParameters+0x21
#
# Failed to write core dump. Core dumps have been disabled. To enable core dumping, try "ulimit -c unlimited" before starting Java again
#
# If you would like to submit a bug report, please visit:
#   http://bugreport.sun.com/bugreport/crash.jsp
#

---------------  T H R E A D  ---------------

Current thread is native thread

siginfo: si_signo: 11 (SIGSEGV), si_code: 1 (SEGV_MAPERR), si_addr: 0x0000000000000000

Registers:
RAX=0x0000000127f08ac8, RBX=0x0000000000000000, RCX=0x8e002fd23b1e0265, RDX=0x00007fff744721f8
RSP=0x00007fff583da040, RBP=0x00007fff583da050, RSI=0x00007fb28ab05b10, RDI=0x0000000000000000
R8 =0x00007fff583d9ef0, R9 =0x00007fff75fc9300, R10=0x0000000000000000, R11=0x0000000000000246
R12=0x00007fb288d0be00, R13=0x00000000000f426a, R14=0x00007fb28ab843d0, R15=0x00007fff583da190
RIP=0x0000000127ed65f1, EFLAGS=0x0000000000010246, ERR=0x0000000000000004
  TRAPNO=0x000000000000000e

Top of Stack: (sp=0x00007fff583da040)
0x00007fff583da040:   00007fff583da220 00007fb28ab843d0
0x00007fff583da050:   00007fff583da060 00007fff89cf945c
0x00007fff583da060:   00007fff583da3c0 00007fff89be9634
0x00007fff583da070:   00007fff583da0c0 0000000000001400
0x00007fff583da080:   00007fff74790ed0 00007fb28aa1c070
0x00007fff583da090:   0000000000001002 0000000000000270
0x00007fff583da0a0:   00007fb28aa1c070 00007fb28ab843d0
0x00007fff583da0b0:   0000000000000000 00007fff583da190
0x00007fff583da0c0:   0000000000000000 00007fb28ab84340
0x00007fff583da0d0:   00007fff583da210 000000000000001a
0x00007fff583da0e0:   00000000000f4288 00007fb28aa351b0
0x00007fff583da0f0:   00007fb28ab5dbe0 00007fb288d0be00
0x00007fff583da100:   0000000000000001 00000000000f426a
0x00007fff583da110:   00007fb288d0bdf0 00007fff83d93acb
0x00007fff583da120:   0000000000000001 0000000000000001
0x00007fff583da130:   00007fff583da170 00007fff83d9353e
0x00007fff583da140:   0000000107841a00 0000000000000002
0x00007fff583da150:   000000010783e000 00007fb28aa33d12
0x00007fff583da160:   0000000000000004 0000000000000005
0x00007fff583da170:   0000310300010000 00007fb288d0be24
0x00007fff583da180:   0000000000000000 00007fff89bdf10f
0x00007fff583da190:   00007fb28ab843d0 00007fff7478efb0
0x00007fff583da1a0:   0000000107841a00 0000000000000007
0x00007fff583da1b0:   00007fff583da1f0 00007fff83d9353e
0x00007fff583da1c0:   0000000107841a00 0000000000000002
0x00007fff583da1d0:   000000010783e000 00007fb28aa33d12
0x00007fff583da1e0:   0000000000000003 0000000107842e00
0x00007fff583da1f0:   00007fff583da2e0 00007fff83d922a2
0x00007fff583da200:   000000008a934240 000000010783e000
0x00007fff583da210:   0000000000000017 0000000000000000
0x00007fff583da220:   00000000000f426a 00007fff89bdffff
0x00007fff583da230:   00007fff00000000 0000000000000000 

Instructions: (pc=0x0000000127ed65f1)
0x0000000127ed65d1:   48 89 e5 41 56 53 48 8d 05 e2 25 03 00 48 83 38
0x0000000127ed65e1:   00 48 89 fb 75 72 48 8d 05 da 24 03 00 48 8b 30
0x0000000127ed65f1:   48 8b 03 48 8d 15 04 9a 01 00 48 8d 0d c6 6f 01
0x0000000127ed6601:   00 48 89 df ff 90 88 03 00 00 48 8d 0d ae 25 03 

Register to memory mapping:

RAX=0x0000000127f08ac8: jScreenClass+0 in /Library/Java/JavaVirtualMachines/jdk1.8.0_40.jdk/Contents/Home/jre/lib/libglass.dylib at 0x0000000127ec1000
RBX=0x0000000000000000 is an unknown value
RCX=0x8e002fd23b1e0265 is an unknown value
RDX=0x00007fff744721f8: __sFX+0x1c8 in /usr/lib/system/libsystem_c.dylib at 0x00007fff8805b000
RSP=0x00007fff583da040 is an unknown value
RBP=0x00007fff583da050 is an unknown value
RSI=0x00007fb28ab05b10 is a global jni handle
RDI=0x0000000000000000 is an unknown value
R8 =0x00007fff583d9ef0 is an unknown value
R9 =0x00007fff75fc9300: _thread+0 in /usr/lib/system/libsystem_pthread.dylib at 0x00007fff92fd3000
R10=0x0000000000000000 is an unknown value
R11=0x0000000000000246 is an unknown value
R12=0x00007fb288d0be00 is an unknown value
R13=0x00000000000f426a is an unknown value
R14=0x00007fb28ab843d0 is an unknown value
R15=0x00007fff583da190 is an unknown value


Stack: [0x00007fff57bdd000,0x00007fff583dd000],  sp=0x00007fff583da040,  free space=8180k
Native frames: (J=compiled Java code, j=interpreted, Vv=VM code, C=native code)
C  [libglass.dylib+0x155f1]  GlassScreenDidChangeScreenParameters+0x21
C  [CoreFoundation+0x12045c]  __CFNOTIFICATIONCENTER_IS_CALLING_OUT_TO_AN_OBSERVER__+0xc
C  [CoreFoundation+0x10634]  _CFXNotificationPost+0xc44
C  [Foundation+0x79d1]  -[NSNotificationCenter postNotificationName:object:userInfo:]+0x42
C  [AppKit+0x40df7e]  -[NSApplication _reactToScreenInvalidationImmediately:]+0x17b
C  [AppKit+0x40ddc7]  __44-[NSApplication _reactToScreenInvalidation:]_block_invoke+0x4b
C  [CoreFoundation+0x808ec]  __CFRUNLOOP_IS_CALLING_OUT_TO_A_BLOCK__+0xc
C  [CoreFoundation+0x729f5]  __CFRunLoopDoBlocks+0x155
C  [CoreFoundation+0x72536]  __CFRunLoopRun+0x716
C  [CoreFoundation+0x71bd8]  CFRunLoopRunSpecific+0x128
C  [java+0x65f4]  CreateExecutionEnvironment+0x367
C  [java+0x23ec]  JLI_Launch+0x7a0
C  [java+0x85b2]  main+0x65
C  [java+0x1c44]  start+0x34


---------------  P R O C E S S  ---------------

VM state:at safepoint (normal execution)

VM Mutex/Monitor currently owned by a thread:  ([mutex/lock_event])
[0x00007fb288c04440] Threads_lock - owner thread: 0x00007fb28c84e800

Heap:
 PSYoungGen      total 76288K, used 16177K [0x000000076ab00000, 0x0000000770000000, 0x00000007c0000000)
  eden space 65536K, 24% used [0x000000076ab00000,0x000000076bacc788,0x000000076eb00000)
  from space 10752K, 0% used [0x000000076f580000,0x000000076f580000,0x0000000770000000)
  to   space 10752K, 0% used [0x000000076eb00000,0x000000076eb00000,0x000000076f580000)
 ParOldGen       total 175104K, used 0K [0x00000006c0000000, 0x00000006cab00000, 0x000000076ab00000)
  object space 175104K, 0% used [0x00000006c0000000,0x00000006c0000000,0x00000006cab00000)
 Metaspace       used 6903K, capacity 7278K, committed 7296K, reserved 1056768K
  class space    used 826K, capacity 888K, committed 896K, reserved 1048576K

Card table byte_map: [0x0000000118df4000,0x00000001195f5000] byte_map_base: 0x00000001157f4000

Marking Bits: (ParMarkBitMap*) 0x00000001082093b0
 Begin Bits: [0x000000011a363000, 0x000000011e363000)
 End Bits:   [0x000000011e363000, 0x0000000122363000)

Polling page: 0x00000001089cf000

CodeCache: size=245760Kb used=2071Kb max_used=2071Kb free=243688Kb
 bounds [0x0000000109a34000, 0x0000000109ca4000, 0x0000000118a34000]
 total_blobs=852 nmethods=468 adapters=298
 compilation: enabled

Compilation events (10 events):
Event: 0.350 Thread 0x00007fb289013800  464       3       java.lang.invoke.MethodType::erase (8 bytes)
Event: 0.350 Thread 0x00007fb289013800 nmethod 464 0x0000000109c380d0 code [0x0000000109c38240, 0x0000000109c38430]
Event: 0.351 Thread 0x00007fb289013800  465       1       java.nio.Buffer::limit (5 bytes)
Event: 0.351 Thread 0x00007fb289013800 nmethod 465 0x0000000109c384d0 code [0x0000000109c38620, 0x0000000109c38730]
Event: 0.351 Thread 0x00007fb289013800  466       3       java.nio.ByteBuffer::arrayOffset (35 bytes)
Event: 0.352 Thread 0x00007fb289013800 nmethod 466 0x0000000109c38790 code [0x0000000109c38920, 0x0000000109c38c38]
Event: 0.352 Thread 0x00007fb289013800  467       3       java.nio.Buffer::position (43 bytes)
Event: 0.352 Thread 0x00007fb289013800 nmethod 467 0x0000000109c38d90 code [0x0000000109c38f00, 0x0000000109c391c8]
Event: 0.352 Thread 0x00007fb289013800  468       3       java.nio.CharBuffer::arrayOffset (35 bytes)
Event: 0.352 Thread 0x00007fb289013800 nmethod 468 0x0000000109c39290 code [0x0000000109c39420, 0x0000000109c39738]

GC Heap History (0 events):
No events

Deoptimization events (0 events):
No events

Internal exceptions (10 events):
Event: 0.104 Thread 0x00007fb289008800 Exception <a 'java/util/zip/ZipException'> (0x000000076af503e0) thrown at [/HUDSON3/workspace/8-2-build-macosx-x86_64/jdk8u40/1678.nc/hotspot/src/share/vm/prims/jni.cpp, line 709]
Event: 0.104 Thread 0x00007fb289008800 Exception <a 'java/security/PrivilegedActionException'> (0x000000076af50590) thrown at [/HUDSON3/workspace/8-2-build-macosx-x86_64/jdk8u40/1678.nc/hotspot/src/share/vm/prims/jvm.cpp, line 1288]
Event: 0.104 Thread 0x00007fb289008800 Exception <a 'java/security/PrivilegedActionException'> (0x000000076af50748) thrown at [/HUDSON3/workspace/8-2-build-macosx-x86_64/jdk8u40/1678.nc/hotspot/src/share/vm/prims/jvm.cpp, line 1288]
Event: 0.104 Thread 0x00007fb289008800 Exception <a 'java/security/PrivilegedActionException'> (0x000000076af50ab8) thrown at [/HUDSON3/workspace/8-2-build-macosx-x86_64/jdk8u40/1678.nc/hotspot/src/share/vm/prims/jvm.cpp, line 1288]
Event: 0.123 Thread 0x00007fb289008800 Exception <a 'java/security/PrivilegedActionException'> (0x000000076afd2878) thrown at [/HUDSON3/workspace/8-2-build-macosx-x86_64/jdk8u40/1678.nc/hotspot/src/share/vm/prims/jvm.cpp, line 1288]
Event: 0.123 Thread 0x00007fb289008800 Exception <a 'java/security/PrivilegedActionException'> (0x000000076afd2a30) thrown at [/HUDSON3/workspace/8-2-build-macosx-x86_64/jdk8u40/1678.nc/hotspot/src/share/vm/prims/jvm.cpp, line 1288]
Event: 0.123 Thread 0x00007fb289008800 Exception <a 'java/security/PrivilegedActionException'> (0x000000076afd5c20) thrown at [/HUDSON3/workspace/8-2-build-macosx-x86_64/jdk8u40/1678.nc/hotspot/src/share/vm/prims/jvm.cpp, line 1288]
Event: 0.123 Thread 0x00007fb289008800 Exception <a 'java/security/PrivilegedActionException'> (0x000000076afd5dd8) thrown at [/HUDSON3/workspace/8-2-build-macosx-x86_64/jdk8u40/1678.nc/hotspot/src/share/vm/prims/jvm.cpp, line 1288]
Event: 0.123 Thread 0x00007fb289008800 Exception <a 'java/lang/NullPointerException'> (0x000000076afd76f8) thrown at [/HUDSON3/workspace/8-2-build-macosx-x86_64/jdk8u40/1678.nc/hotspot/src/share/vm/interpreter/linkResolver.cpp, line 1166]
Event: 0.351 Thread 0x00007fb289008800 Exception <a 'java/lang/reflect/InvocationTargetException'> (0x000000076b36b6d0) thrown at [/HUDSON3/workspace/8-2-build-macosx-x86_64/jdk8u40/1678.nc/hotspot/src/share/vm/runtime/reflection.cpp, line 1079]

Events (10 events):
Event: 0.353 loading class java/util/Formatter$Flags done
Event: 0.353 loading class java/util/Formatter$Conversion
Event: 0.353 loading class java/util/Formatter$Conversion done
Event: 0.353 loading class java/util/Formattable
Event: 0.353 loading class java/util/Formattable done
Event: 0.353 loading class java/util/IdentityHashMap$KeyIterator
Event: 0.353 loading class java/util/IdentityHashMap$IdentityHashMapIterator
Event: 0.353 loading class java/util/IdentityHashMap$IdentityHashMapIterator done
Event: 0.353 loading class java/util/IdentityHashMap$KeyIterator done
Event: 0.354 Executing VM operation: Exit


Dynamic libraries:
0x0000000003a0f000 	/System/Library/Frameworks/Cocoa.framework/Versions/A/Cocoa
0x0000000003a0f000 	/System/Library/Frameworks/Security.framework/Versions/A/Security
0x0000000003a0f000 	/System/Library/Frameworks/ApplicationServices.framework/Versions/A/ApplicationServices
0x0000000003a0f000 	/usr/lib/libz.1.dylib
0x0000000003a0f000 	/usr/lib/libSystem.B.dylib
0x0000000003a0f000 	/usr/lib/libobjc.A.dylib
0x0000000003a0f000 	/System/Library/Frameworks/CoreFoundation.framework/Versions/A/CoreFoundation
0x0000000003a0f000 	/System/Library/Frameworks/Foundation.framework/Versions/C/Foundation
0x0000000003a0f000 	/System/Library/Frameworks/AppKit.framework/Versions/C/AppKit
0x0000000003a0f000 	/System/Library/Frameworks/CoreData.framework/Versions/A/CoreData
0x0000000003a0f000 	/System/Library/PrivateFrameworks/RemoteViewServices.framework/Versions/A/RemoteViewServices
0x0000000003a0f000 	/System/Library/PrivateFrameworks/UIFoundation.framework/Versions/A/UIFoundation
0x0000000003a0f000 	/System/Library/Frameworks/IOSurface.framework/Versions/A/IOSurface
0x0000000003a0f000 	/System/Library/Frameworks/AudioToolbox.framework/Versions/A/AudioToolbox
0x0000000003a0f000 	/System/Library/Frameworks/AudioUnit.framework/Versions/A/AudioUnit
0x0000000003a0f000 	/System/Library/PrivateFrameworks/DataDetectorsCore.framework/Versions/A/DataDetectorsCore
0x0000000003a0f000 	/System/Library/PrivateFrameworks/DesktopServicesPriv.framework/Versions/A/DesktopServicesPriv
0x0000000003a0f000 	/System/Library/Frameworks/Carbon.framework/Versions/A/Frameworks/HIToolbox.framework/Versions/A/HIToolbox
0x0000000003a0f000 	/System/Library/Frameworks/QuartzCore.framework/Versions/A/QuartzCore
0x0000000003a0f000 	/System/Library/Frameworks/Carbon.framework/Versions/A/Frameworks/SpeechRecognition.framework/Versions/A/SpeechRecognition
0x0000000003a0f000 	/usr/lib/libauto.dylib
0x0000000003a0f000 	/usr/lib/libicucore.A.dylib
0x0000000003a0f000 	/usr/lib/libxml2.2.dylib
0x0000000003a0f000 	/System/Library/PrivateFrameworks/CoreUI.framework/Versions/A/CoreUI
0x0000000003a0f000 	/System/Library/Frameworks/CoreAudio.framework/Versions/A/CoreAudio
0x0000000003a0f000 	/System/Library/Frameworks/DiskArbitration.framework/Versions/A/DiskArbitration
0x0000000003a0f000 	/usr/lib/liblangid.dylib
0x0000000003a0f000 	/System/Library/PrivateFrameworks/MultitouchSupport.framework/Versions/A/MultitouchSupport
0x0000000003a0f000 	/System/Library/Frameworks/IOKit.framework/Versions/A/IOKit
0x0000000003a0f000 	/usr/lib/libDiagnosticMessagesClient.dylib
0x0000000003a0f000 	/System/Library/Frameworks/CoreServices.framework/Versions/A/CoreServices
0x0000000003a0f000 	/System/Library/PrivateFrameworks/PerformanceAnalysis.framework/Versions/A/PerformanceAnalysis
0x0000000003a0f000 	/System/Library/PrivateFrameworks/GenerationalStorage.framework/Versions/A/GenerationalStorage
0x0000000003a0f000 	/System/Library/Frameworks/OpenGL.framework/Versions/A/OpenGL
0x0000000003a0f000 	/System/Library/PrivateFrameworks/Sharing.framework/Versions/A/Sharing
0x0000000003a0f000 	/System/Library/Frameworks/CoreGraphics.framework/Versions/A/CoreGraphics
0x0000000003a0f000 	/System/Library/Frameworks/CoreText.framework/Versions/A/CoreText
0x0000000003a0f000 	/System/Library/Frameworks/ImageIO.framework/Versions/A/ImageIO
0x0000000003a0f000 	/usr/lib/libextension.dylib
0x0000000003a0f000 	/System/Library/PrivateFrameworks/Backup.framework/Versions/A/Backup
0x0000000003a0f000 	/usr/lib/libarchive.2.dylib
0x0000000003a0f000 	/System/Library/Frameworks/CFNetwork.framework/Versions/A/CFNetwork
0x0000000003a0f000 	/System/Library/Frameworks/SystemConfiguration.framework/Versions/A/SystemConfiguration
0x0000000003a0f000 	/usr/lib/libCRFSuite.dylib
0x0000000003a0f000 	/usr/lib/libc++.1.dylib
0x0000000003a0f000 	/usr/lib/libc++abi.dylib
0x0000000003a0f000 	/usr/lib/system/libcache.dylib
0x0000000003a0f000 	/usr/lib/system/libcommonCrypto.dylib
0x0000000003a0f000 	/usr/lib/system/libcompiler_rt.dylib
0x0000000003a0f000 	/usr/lib/system/libcopyfile.dylib
0x0000000003a0f000 	/usr/lib/system/libcorecrypto.dylib
0x0000000003a0f000 	/usr/lib/system/libdispatch.dylib
0x0000000003a0f000 	/usr/lib/system/libdyld.dylib
0x0000000003a0f000 	/usr/lib/system/libkeymgr.dylib
0x0000000003a0f000 	/usr/lib/system/liblaunch.dylib
0x0000000003a0f000 	/usr/lib/system/libmacho.dylib
0x0000000003a0f000 	/usr/lib/system/libquarantine.dylib
0x0000000003a0f000 	/usr/lib/system/libremovefile.dylib
0x0000000003a0f000 	/usr/lib/system/libsystem_asl.dylib
0x0000000003a0f000 	/usr/lib/system/libsystem_blocks.dylib
0x0000000003a0f000 	/usr/lib/system/libsystem_c.dylib
0x0000000003a0f000 	/usr/lib/system/libsystem_configuration.dylib
0x0000000003a0f000 	/usr/lib/system/libsystem_coreservices.dylib
0x0000000003a0f000 	/usr/lib/system/libsystem_coretls.dylib
0x0000000003a0f000 	/usr/lib/system/libsystem_dnssd.dylib
0x0000000003a0f000 	/usr/lib/system/libsystem_info.dylib
0x0000000003a0f000 	/usr/lib/system/libsystem_kernel.dylib
0x0000000003a0f000 	/usr/lib/system/libsystem_m.dylib
0x0000000003a0f000 	/usr/lib/system/libsystem_malloc.dylib
0x0000000003a0f000 	/usr/lib/system/libsystem_network.dylib
0x0000000003a0f000 	/usr/lib/system/libsystem_networkextension.dylib
0x0000000003a0f000 	/usr/lib/system/libsystem_notify.dylib
0x0000000003a0f000 	/usr/lib/system/libsystem_platform.dylib
0x0000000003a0f000 	/usr/lib/system/libsystem_pthread.dylib
0x0000000003a0f000 	/usr/lib/system/libsystem_sandbox.dylib
0x0000000003a0f000 	/usr/lib/system/libsystem_secinit.dylib
0x0000000003a0f000 	/usr/lib/system/libsystem_stats.dylib
0x0000000003a0f000 	/usr/lib/system/libsystem_trace.dylib
0x0000000003a0f000 	/usr/lib/system/libunc.dylib
0x0000000003a0f000 	/usr/lib/system/libunwind.dylib
0x0000000003a0f000 	/usr/lib/system/libxpc.dylib
0x0000000003a0f000 	/usr/lib/libbz2.1.0.dylib
0x0000000003a0f000 	/usr/lib/liblzma.5.dylib
0x0000000003a0f000 	/usr/lib/libbsm.0.dylib
0x0000000003a0f000 	/usr/lib/libsqlite3.dylib
0x0000000003a0f000 	/usr/lib/system/libkxld.dylib
0x0000000003a0f000 	/usr/lib/libxar.1.dylib
0x0000000003a0f000 	/usr/lib/libpam.2.dylib
0x0000000003a0f000 	/usr/lib/libOpenScriptingUtil.dylib
0x0000000003a0f000 	/System/Library/Frameworks/CoreServices.framework/Versions/A/Frameworks/FSEvents.framework/Versions/A/FSEvents
0x0000000003a0f000 	/System/Library/Frameworks/CoreServices.framework/Versions/A/Frameworks/CarbonCore.framework/Versions/A/CarbonCore
0x0000000003a0f000 	/System/Library/Frameworks/CoreServices.framework/Versions/A/Frameworks/Metadata.framework/Versions/A/Metadata
0x0000000003a0f000 	/System/Library/Frameworks/CoreServices.framework/Versions/A/Frameworks/OSServices.framework/Versions/A/OSServices
0x0000000003a0f000 	/System/Library/Frameworks/CoreServices.framework/Versions/A/Frameworks/SearchKit.framework/Versions/A/SearchKit
0x0000000003a0f000 	/System/Library/Frameworks/CoreServices.framework/Versions/A/Frameworks/AE.framework/Versions/A/AE
0x0000000003a0f000 	/System/Library/Frameworks/CoreServices.framework/Versions/A/Frameworks/LaunchServices.framework/Versions/A/LaunchServices
0x0000000003a0f000 	/System/Library/Frameworks/CoreServices.framework/Versions/A/Frameworks/DictionaryServices.framework/Versions/A/DictionaryServices
0x0000000003a0f000 	/System/Library/Frameworks/NetFS.framework/Versions/A/NetFS
0x0000000003a0f000 	/System/Library/PrivateFrameworks/NetAuth.framework/Versions/A/NetAuth
0x0000000003a0f000 	/System/Library/PrivateFrameworks/login.framework/Versions/A/Frameworks/loginsupport.framework/Versions/A/loginsupport
0x0000000003a0f000 	/System/Library/PrivateFrameworks/TCC.framework/Versions/A/TCC
0x0000000003a0f000 	/usr/lib/libmecabra.dylib
0x0000000003a0f000 	/System/Library/Frameworks/ApplicationServices.framework/Versions/A/Frameworks/ATS.framework/Versions/A/ATS
0x0000000003a0f000 	/System/Library/Frameworks/ApplicationServices.framework/Versions/A/Frameworks/ColorSync.framework/Versions/A/ColorSync
0x0000000003a0f000 	/System/Library/Frameworks/ApplicationServices.framework/Versions/A/Frameworks/HIServices.framework/Versions/A/HIServices
0x0000000003a0f000 	/System/Library/Frameworks/ApplicationServices.framework/Versions/A/Frameworks/LangAnalysis.framework/Versions/A/LangAnalysis
0x0000000003a0f000 	/System/Library/Frameworks/ApplicationServices.framework/Versions/A/Frameworks/PrintCore.framework/Versions/A/PrintCore
0x0000000003a0f000 	/System/Library/Frameworks/ApplicationServices.framework/Versions/A/Frameworks/QD.framework/Versions/A/QD
0x0000000003a0f000 	/System/Library/Frameworks/ApplicationServices.framework/Versions/A/Frameworks/SpeechSynthesis.framework/Versions/A/SpeechSynthesis
0x0000000003a0f000 	/System/Library/Frameworks/Accelerate.framework/Versions/A/Accelerate
0x0000000003a0f000 	/System/Library/Frameworks/Accelerate.framework/Versions/A/Frameworks/vImage.framework/Versions/A/vImage
0x0000000003a0f000 	/System/Library/Frameworks/Accelerate.framework/Versions/A/Frameworks/vecLib.framework/Versions/A/vecLib
0x0000000003a0f000 	/System/Library/Frameworks/Accelerate.framework/Versions/A/Frameworks/vecLib.framework/Versions/A/libvDSP.dylib
0x0000000003a0f000 	/System/Library/Frameworks/Accelerate.framework/Versions/A/Frameworks/vecLib.framework/Versions/A/libvMisc.dylib
0x0000000003a0f000 	/System/Library/Frameworks/Accelerate.framework/Versions/A/Frameworks/vecLib.framework/Versions/A/libLAPACK.dylib
0x0000000003a0f000 	/System/Library/Frameworks/Accelerate.framework/Versions/A/Frameworks/vecLib.framework/Versions/A/libBLAS.dylib
0x0000000003a0f000 	/System/Library/Frameworks/Accelerate.framework/Versions/A/Frameworks/vecLib.framework/Versions/A/libLinearAlgebra.dylib
0x0000000003a0f000 	/System/Library/Frameworks/ApplicationServices.framework/Versions/A/Frameworks/ATS.framework/Versions/A/Resources/libFontParser.dylib
0x0000000003a0f000 	/System/Library/Frameworks/ApplicationServices.framework/Versions/A/Frameworks/ATS.framework/Versions/A/Resources/libFontRegistry.dylib
0x0000000003a0f000 	/System/Library/PrivateFrameworks/AppleVPA.framework/Versions/A/AppleVPA
0x0000000003a0f000 	/System/Library/PrivateFrameworks/AppleJPEG.framework/Versions/A/AppleJPEG
0x0000000003a0f000 	/System/Library/Frameworks/ImageIO.framework/Versions/A/Resources/libJPEG.dylib
0x0000000003a0f000 	/System/Library/Frameworks/ImageIO.framework/Versions/A/Resources/libTIFF.dylib
0x0000000003a0f000 	/System/Library/Frameworks/ImageIO.framework/Versions/A/Resources/libPng.dylib
0x0000000003a0f000 	/System/Library/Frameworks/ImageIO.framework/Versions/A/Resources/libGIF.dylib
0x0000000003a0f000 	/System/Library/Frameworks/ImageIO.framework/Versions/A/Resources/libJP2.dylib
0x0000000003a0f000 	/System/Library/Frameworks/ImageIO.framework/Versions/A/Resources/libRadiance.dylib
0x0000000003a0f000 	/System/Library/Frameworks/CoreVideo.framework/Versions/A/CoreVideo
0x0000000003a0f000 	/System/Library/Frameworks/OpenGL.framework/Versions/A/Libraries/libGLU.dylib
0x0000000003a0f000 	/System/Library/Frameworks/OpenGL.framework/Versions/A/Libraries/libGFXShared.dylib
0x0000000003a0f000 	/System/Library/Frameworks/OpenGL.framework/Versions/A/Libraries/libGL.dylib
0x0000000003a0f000 	/System/Library/Frameworks/OpenGL.framework/Versions/A/Libraries/libGLImage.dylib
0x0000000003a0f000 	/System/Library/Frameworks/OpenGL.framework/Versions/A/Libraries/libCVMSPluginSupport.dylib
0x0000000003a0f000 	/System/Library/Frameworks/OpenGL.framework/Versions/A/Libraries/libCoreVMClient.dylib
0x0000000003a0f000 	/usr/lib/libcups.2.dylib
0x0000000003a0f000 	/System/Library/Frameworks/Kerberos.framework/Versions/A/Kerberos
0x0000000003a0f000 	/System/Library/Frameworks/GSS.framework/Versions/A/GSS
0x0000000003a0f000 	/usr/lib/libresolv.9.dylib
0x0000000003a0f000 	/usr/lib/libiconv.2.dylib
0x0000000003a0f000 	/System/Library/PrivateFrameworks/Heimdal.framework/Versions/A/Heimdal
0x0000000003a0f000 	/usr/lib/libheimdal-asn1.dylib
0x0000000003a0f000 	/System/Library/Frameworks/OpenDirectory.framework/Versions/A/OpenDirectory
0x0000000003a0f000 	/System/Library/PrivateFrameworks/CommonAuth.framework/Versions/A/CommonAuth
0x0000000003a0f000 	/System/Library/Frameworks/OpenDirectory.framework/Versions/A/Frameworks/CFOpenDirectory.framework/Versions/A/CFOpenDirectory
0x0000000003a0f000 	/System/Library/Frameworks/SecurityFoundation.framework/Versions/A/SecurityFoundation
0x0000000003a0f000 	/System/Library/PrivateFrameworks/LanguageModeling.framework/Versions/A/LanguageModeling
0x0000000003a0f000 	/usr/lib/libcmph.dylib
0x0000000003a0f000 	/System/Library/Frameworks/ServiceManagement.framework/Versions/A/ServiceManagement
0x0000000003a0f000 	/usr/lib/libxslt.1.dylib
0x0000000003a0f000 	/System/Library/Frameworks/Carbon.framework/Versions/A/Frameworks/Ink.framework/Versions/A/Ink
0x0000000003a0f000 	/System/Library/Frameworks/QuartzCore.framework/Versions/A/Frameworks/CoreImage.framework/Versions/A/CoreImage
0x0000000003a0f000 	/System/Library/PrivateFrameworks/CrashReporterSupport.framework/Versions/A/CrashReporterSupport
0x0000000003a0f000 	/System/Library/Frameworks/OpenCL.framework/Versions/A/OpenCL
0x0000000003a0f000 	/System/Library/PrivateFrameworks/FaceCore.framework/Versions/A/FaceCore
0x0000000003a0f000 	/System/Library/PrivateFrameworks/Ubiquity.framework/Versions/A/Ubiquity
0x0000000003a0f000 	/System/Library/PrivateFrameworks/IconServices.framework/Versions/A/IconServices
0x0000000003a0f000 	/System/Library/PrivateFrameworks/ChunkingLibrary.framework/Versions/A/ChunkingLibrary
0x0000000003a0f000 	/System/Library/PrivateFrameworks/Apple80211.framework/Versions/A/Apple80211
0x0000000003a0f000 	/System/Library/Frameworks/CoreWLAN.framework/Versions/A/CoreWLAN
0x0000000003a0f000 	/System/Library/Frameworks/IOBluetooth.framework/Versions/A/IOBluetooth
0x0000000003a0f000 	/System/Library/PrivateFrameworks/CoreWiFi.framework/Versions/A/CoreWiFi
0x0000000003a0f000 	/System/Library/Frameworks/CoreBluetooth.framework/Versions/A/CoreBluetooth
0x0000000003a0f000 	/System/Library/PrivateFrameworks/DebugSymbols.framework/Versions/A/DebugSymbols
0x0000000003a0f000 	/System/Library/PrivateFrameworks/CoreSymbolication.framework/Versions/A/CoreSymbolication
0x0000000003a0f000 	/System/Library/PrivateFrameworks/Symbolication.framework/Versions/A/Symbolication
0x0000000003a0f000 	/System/Library/PrivateFrameworks/SpeechRecognitionCore.framework/Versions/A/SpeechRecognitionCore
0x0000000107954000 	/Library/Java/JavaVirtualMachines/jdk1.8.0_40.jdk/Contents/Home/jre/lib/server/libjvm.dylib
0x0000000003a0f000 	/usr/lib/libstdc++.6.dylib
0x00000001089c1000 	/Library/Java/JavaVirtualMachines/jdk1.8.0_40.jdk/Contents/Home/jre/lib/libverify.dylib
0x0000000109a00000 	/Library/Java/JavaVirtualMachines/jdk1.8.0_40.jdk/Contents/Home/jre/lib/libjava.dylib
0x00000001089d9000 	/Library/Java/JavaVirtualMachines/jdk1.8.0_40.jdk/Contents/Home/jre/lib/libzip.dylib
0x00000001089e2000 	/System/Library/Frameworks/JavaVM.framework/Frameworks/JavaRuntimeSupport.framework/JavaRuntimeSupport
0x00000001255e1000 	/System/Library/Frameworks/JavaVM.framework/Versions/A/Frameworks/JavaNativeFoundation.framework/Versions/A/JavaNativeFoundation
0x00000001255f6000 	/System/Library/Frameworks/JavaVM.framework/Versions/A/JavaVM
0x0000000003a0f000 	/System/Library/Frameworks/Carbon.framework/Versions/A/Carbon
0x0000000125603000 	/System/Library/PrivateFrameworks/JavaLaunching.framework/Versions/A/JavaLaunching
0x0000000003a0f000 	/System/Library/Frameworks/Carbon.framework/Versions/A/Frameworks/CommonPanels.framework/Versions/A/CommonPanels
0x0000000003a0f000 	/System/Library/Frameworks/Carbon.framework/Versions/A/Frameworks/Help.framework/Versions/A/Help
0x0000000003a0f000 	/System/Library/Frameworks/Carbon.framework/Versions/A/Frameworks/ImageCapture.framework/Versions/A/ImageCapture
0x0000000003a0f000 	/System/Library/Frameworks/Carbon.framework/Versions/A/Frameworks/OpenScripting.framework/Versions/A/OpenScripting
0x0000000003a0f000 	/System/Library/Frameworks/Carbon.framework/Versions/A/Frameworks/Print.framework/Versions/A/Print
0x0000000003a0f000 	/System/Library/Frameworks/Carbon.framework/Versions/A/Frameworks/SecurityHI.framework/Versions/A/SecurityHI
0x00000001277d0000 	/Library/Java/JavaVirtualMachines/jdk1.8.0_40.jdk/Contents/Home/jre/lib/libprism_es2.dylib
0x0000000003a0f000 	/System/Library/Frameworks/OpenGL.framework/Versions/A/Resources/GLEngine.bundle/GLEngine
0x0000000003a0f000 	/System/Library/Frameworks/OpenGL.framework/Versions/A/Libraries/libGLProgrammability.dylib
0x0000000000000000 	/System/Library/Extensions/AppleIntelHD5000GraphicsGLDriver.bundle/Contents/MacOS/AppleIntelHD5000GraphicsGLDriver
0x0000000003a0f000 	/System/Library/PrivateFrameworks/IOAccelerator.framework/Versions/A/IOAccelerator
0x0000000003a0f000 	/System/Library/PrivateFrameworks/GPUSupport.framework/Versions/A/Libraries/libGPUSupportMercury.dylib
0x0000000000000000 	/System/Library/Extensions/GeForceGLDriver.bundle/Contents/MacOS/GeForceGLDriver
0x0000000003a0f000 	/System/Library/Extensions/GeForceGLDriver.bundle/Contents/MacOS/libclh.dylib
0x0000000003a0f000 	/System/Library/Frameworks/OpenGL.framework/Versions/A/Resources/GLRendererFloat.bundle/GLRendererFloat
0x0000000003a0f000 	/System/Library/Frameworks/OpenCL.framework/Versions/A/Libraries/libcldcpuengine.dylib
0x0000000003a0f000 	/System/Library/PrivateFrameworks/DiskImages.framework/Versions/A/DiskImages
0x0000000003a0f000 	/System/Library/Frameworks/DiscRecording.framework/Versions/A/DiscRecording
0x0000000003a0f000 	/usr/lib/libcsfde.dylib
0x0000000003a0f000 	/usr/lib/libcurl.4.dylib
0x0000000003a0f000 	/System/Library/PrivateFrameworks/MediaKit.framework/Versions/A/MediaKit
0x0000000003a0f000 	/System/Library/PrivateFrameworks/ProtectedCloudStorage.framework/Versions/A/ProtectedCloudStorage
0x0000000003a0f000 	/usr/lib/libCoreStorage.dylib
0x0000000003a0f000 	/System/Library/PrivateFrameworks/EFILogin.framework/Versions/A/EFILogin
0x0000000003a0f000 	/usr/lib/libutil.dylib
0x0000000003a0f000 	/System/Library/PrivateFrameworks/FindMyDevice.framework/Versions/A/FindMyDevice
0x0000000003a0f000 	/System/Library/Frameworks/LDAP.framework/Versions/A/LDAP
0x0000000003a0f000 	/usr/lib/libsasl2.2.dylib
0x0000000003a0f000 	/System/Library/PrivateFrameworks/CoreDaemon.framework/Versions/B/CoreDaemon
0x0000000003a0f000 	/usr/lib/libcrypto.0.9.8.dylib
0x0000000003a0f000 	/System/Library/PrivateFrameworks/AppleSRP.framework/Versions/A/AppleSRP
0x0000000003a0f000 	/System/Library/PrivateFrameworks/TrustEvaluationAgent.framework/Versions/A/TrustEvaluationAgent
0x0000000127ec1000 	/Library/Java/JavaVirtualMachines/jdk1.8.0_40.jdk/Contents/Home/jre/lib/libglass.dylib
0x0000000003a0f000 	/System/Library/PrivateFrameworks/CoreServicesInternal.framework/Versions/A/CoreServicesInternal
0x0000000003a0f000 	/System/Library/PrivateFrameworks/CloudDocs.framework/Versions/A/CloudDocs
0x0000000003a0f000 	/System/Library/PrivateFrameworks/CoreDuet.framework/Versions/A/CoreDuet
0x0000000003a0f000 	/System/Library/Frameworks/CloudKit.framework/Versions/A/CloudKit
0x0000000003a0f000 	/System/Library/PrivateFrameworks/ProtocolBuffer.framework/Versions/A/ProtocolBuffer
0x0000000003a0f000 	/System/Library/PrivateFrameworks/CoreDuetDaemonProtocol.framework/Versions/A/CoreDuetDaemonProtocol
0x0000000003a0f000 	/System/Library/PrivateFrameworks/CoreDuetDebugLogging.framework/Versions/A/CoreDuetDebugLogging
0x0000000003a0f000 	/System/Library/PrivateFrameworks/MMCS.framework/Versions/A/MMCS
0x0000000003a0f000 	/System/Library/Frameworks/CoreLocation.framework/Versions/A/CoreLocation
0x0000000003a0f000 	/System/Library/PrivateFrameworks/GeoServices.framework/Versions/A/GeoServices
0x0000000003a0f000 	/System/Library/Frameworks/CoreGraphics.framework/Versions/A/Resources/libCGCMS.A.dylib
0x0000000003a0f000 	/System/Library/CoreServices/RawCamera.bundle/Contents/MacOS/RawCamera
0x0000000003a0f000 	/System/Library/Frameworks/CoreGraphics.framework/Versions/A/Resources/libRIP.A.dylib
0x0000000003a0f000 	/System/Library/PrivateFrameworks/FamilyControls.framework/Versions/A/FamilyControls
0x0000000003a0f000 	/System/Library/PrivateFrameworks/CommerceKit.framework/Versions/A/Frameworks/CommerceCore.framework/Versions/A/CommerceCore
0x0000000003a0f000 	/System/Library/PrivateFrameworks/SystemAdministration.framework/Versions/A/SystemAdministration
0x0000000003a0f000 	/System/Library/PrivateFrameworks/AppContainer.framework/Versions/A/AppContainer
0x0000000003a0f000 	/System/Library/PrivateFrameworks/SecCodeWrapper.framework/Versions/A/SecCodeWrapper
0x0000000003a0f000 	/System/Library/Frameworks/DirectoryService.framework/Versions/A/DirectoryService
0x0000000003a0f000 	/System/Library/PrivateFrameworks/LoginUIKit.framework/Versions/A/Frameworks/LoginUICore.framework/Versions/A/LoginUICore
0x0000000003a0f000 	/usr/lib/libodfde.dylib

VM Arguments:
jvm_args: -Dfile.encoding=UTF-8 
java_command: /Users/dale/NetBeansProjects/DialogPlayground/dist/run755439811/DialogPlayground.jar
java_class_path (initial): /Users/dale/NetBeansProjects/DialogPlayground/dist/run755439811/DialogPlayground.jar
Launcher Type: SUN_STANDARD

Environment Variables:
PATH=/usr/bin:/bin:/usr/sbin:/sbin
LD_LIBRARY_PATH=/Library/Java/JavaVirtualMachines/jdk1.8.0_40.jdk/Contents/Home/jre/lib/amd64:/Library/Java/JavaVirtualMachines/jdk1.8.0_40.jdk/Contents/Home/jre/lib/i386:
SHELL=/bin/bash
DYLD_LIBRARY_PATH=/Applications/NetBeans/NetBeans 8.0.1.app/Contents/Resources/NetBeans/webcommon/bin:

Signal Handlers:
SIGSEGV: [libjvm.dylib+0x585b1d], sa_mask[0]=11111111011111110111111111111111, sa_flags=SA_ONSTACK|SA_RESTART|SA_SIGINFO
SIGBUS: [libjvm.dylib+0x585b1d], sa_mask[0]=11111111011111110111111111111111, sa_flags=SA_RESTART|SA_SIGINFO
SIGFPE: [libjvm.dylib+0x46415c], sa_mask[0]=11111111011111110111111111111111, sa_flags=SA_RESTART|SA_SIGINFO
SIGPIPE: [libjvm.dylib+0x46415c], sa_mask[0]=11111111011111110111111111111111, sa_flags=SA_RESTART|SA_SIGINFO
SIGXFSZ: [libjvm.dylib+0x46415c], sa_mask[0]=11111111011111110111111111111111, sa_flags=SA_RESTART|SA_SIGINFO
SIGILL: [libjvm.dylib+0x46415c], sa_mask[0]=11111111011111110111111111111111, sa_flags=SA_RESTART|SA_SIGINFO
SIGUSR1: SIG_DFL, sa_mask[0]=00000000000000000000000000000000, sa_flags=none
SIGUSR2: [libjvm.dylib+0x463c7a], sa_mask[0]=00100000000000000000000000000000, sa_flags=SA_RESTART|SA_SIGINFO
SIGHUP: [libjvm.dylib+0x462321], sa_mask[0]=11111111011111110111111111111111, sa_flags=SA_RESTART|SA_SIGINFO
SIGINT: SIG_IGN, sa_mask[0]=00000000000000000000000000000000, sa_flags=none
SIGTERM: [libjvm.dylib+0x462321], sa_mask[0]=11111111011111110111111111111111, sa_flags=SA_RESTART|SA_SIGINFO
SIGQUIT: [libjvm.dylib+0x462321], sa_mask[0]=11111111011111110111111111111111, sa_flags=SA_RESTART|SA_SIGINFO


---------------  S Y S T E M  ---------------

OS:Bsduname:Darwin 14.3.0 Darwin Kernel Version 14.3.0: Mon Mar 23 11:59:05 PDT 2015; root:xnu-2782.20.48~5/RELEASE_X86_64 x86_64
rlimit: STACK 8192k, CORE 0k, NPROC 709, NOFILE 10240, AS infinity
load average:1.70 1.92 1.96

CPU:total 8 (4 cores per cpu, 2 threads per core) family 6 model 70 stepping 1, cmov, cx8, fxsr, mmx, sse, sse2, sse3, ssse3, sse4.1, sse4.2, popcnt, avx, avx2, aes, clmul, erms, rtm, lzcnt, ht, tsc, tscinvbit, bmi1, bmi2

Memory: 4k page, physical 16777216k(3563080k free)

/proc/meminfo:


vm_info: Java HotSpot(TM) 64-Bit Server VM (25.40-b13) for bsd-amd64 JRE (1.8.0_40-ea-b09), built on Oct  7 2014 20:11:34 by "java_re" with gcc 4.2.1 (Based on Apple Inc. build 5658) (LLVM build 2336.11.00)

time: Sun Apr 26 16:07:51 2015
elapsed time: 0 seconds (0d 0h 0m 0s)

